#
# There is insufficient memory for the Java Runtime Environment to continue.
# Native memory allocation (malloc) failed to allocate 613728 bytes. Error detail: Chunk::new
# Possible reasons:
#   The system is out of physical RAM or swap space
#   This process is running with CompressedOops enabled, and the Java Heap may be blocking the growth of the native heap
# Possible solutions:
#   Reduce memory load on the system
#   Increase physical memory or swap space
#   Check if swap backing store is full
#   Decrease Java heap size (-Xmx/-Xms)
#   Decrease number of Java threads
#   Decrease Java thread stack sizes (-Xss)
#   Set larger code cache with -XX:ReservedCodeCacheSize=
#   JVM is running with Unscaled Compressed Oops mode in which the Java heap is
#     placed in the first 4GB address space. The Java Heap base address is the
#     maximum limit for the native heap growth. Please use -XX:HeapBaseMinAddress
#     to set the Java Heap base and to place the Java Heap above 4GB virtual address.
# This output file may be truncated or incomplete.
#
#  Out of Memory Error (arena.cpp:191), pid=17112, tid=40448
#
# JRE version: OpenJDK Runtime Environment Temurin-17.0.18+8 (17.0.18+8) (build 17.0.18+8)
# Java VM: OpenJDK 64-Bit Server VM Temurin-17.0.18+8 (17.0.18+8, mixed mode, sharing, tiered, compressed oops, compressed class ptrs, g1 gc, windows-amd64)
# No core dump will be written. Minidumps are not enabled by default on client versions of Windows
#

---------------  S U M M A R Y ------------

Command Line: -Xmx64m -Xms64m -Dorg.gradle.appname=gradlew C:\Users\fuzzy\app_agronex\frontend\android\\gradle\wrapper\gradle-wrapper.jar app:assembleDebug -x lint -x test --configure-on-demand --build-cache -PreactNativeDevServerPort=8081 -PreactNativeArchitectures=x86_64,arm64-v8a

Host: AMD Ryzen 5 5600U with Radeon Graphics         , 12 cores, 15G,  Windows 11 , 64 bit Build 26100 (10.0.26100.8737)
Time: Sun Jun 28 15:06:38 2026 India Standard Time elapsed time: 217.952332 seconds (0d 0h 3m 37s)

---------------  T H R E A D  ---------------

Current thread (0x000001fd33208510):  JavaThread "C2 CompilerThread0" daemon [_thread_in_native, id=40448, stack(0x0000005d6ae00000,0x0000005d6af00000)]


Current CompileTask:
C2:217952 2172 % !   4       java.io.BufferedReader::readLine @ 139 (327 bytes)

Stack: [0x0000005d6ae00000,0x0000005d6af00000]
Native frames: (J=compiled Java code, j=interpreted, Vv=VM code, C=native code)
V  [jvm.dll+0x6846f9]
V  [jvm.dll+0x839ea5]
V  [jvm.dll+0x83b91e]
V  [jvm.dll+0x83bfa3]
V  [jvm.dll+0x248eff]
V  [jvm.dll+0xad496]
V  [jvm.dll+0xadb3c]
V  [jvm.dll+0x368c1e]
V  [jvm.dll+0x333055]
V  [jvm.dll+0x3324ba]
V  [jvm.dll+0x219db9]
V  [jvm.dll+0x219200]
V  [jvm.dll+0x1a4920]
V  [jvm.dll+0x22989a]
V  [jvm.dll+0x227a4b]
V  [jvm.dll+0x7f0658]
V  [jvm.dll+0x7eaaec]
V  [jvm.dll+0x6835c7]
C  [ucrtbase.dll+0x2cd30]
C  [KERNEL32.DLL+0x2e957]
C  [ntdll.dll+0xaad6c]


---------------  P R O C E S S  ---------------

Threads class SMR info:
_java_thread_list=0x000001fd793e5270, length=13, elements={
0x000001fd19360810, 0x000001fd331e8720, 0x000001fd331ebb70, 0x000001fd331fe790,
0x000001fd33201070, 0x000001fd33205030, 0x000001fd33207910, 0x000001fd33208510,
0x000001fd33208e20, 0x000001fd33209730, 0x000001fd33461f60, 0x000001fd33462890,
0x000001fd33ac9c00
}

Java Threads: ( => current thread )
  0x000001fd19360810 JavaThread "main" [_thread_blocked, id=29204, stack(0x0000005d6a100000,0x0000005d6a200000)]
  0x000001fd331e8720 JavaThread "Reference Handler" daemon [_thread_blocked, id=39120, stack(0x0000005d6a800000,0x0000005d6a900000)]
  0x000001fd331ebb70 JavaThread "Finalizer" daemon [_thread_blocked, id=41684, stack(0x0000005d6a900000,0x0000005d6aa00000)]
  0x000001fd331fe790 JavaThread "Signal Dispatcher" daemon [_thread_blocked, id=28668, stack(0x0000005d6aa00000,0x0000005d6ab00000)]
  0x000001fd33201070 JavaThread "Attach Listener" daemon [_thread_blocked, id=33184, stack(0x0000005d6ab00000,0x0000005d6ac00000)]
  0x000001fd33205030 JavaThread "Service Thread" daemon [_thread_blocked, id=36932, stack(0x0000005d6ac00000,0x0000005d6ad00000)]
  0x000001fd33207910 JavaThread "Monitor Deflation Thread" daemon [_thread_blocked, id=29248, stack(0x0000005d6ad00000,0x0000005d6ae00000)]
=>0x000001fd33208510 JavaThread "C2 CompilerThread0" daemon [_thread_in_native, id=40448, stack(0x0000005d6ae00000,0x0000005d6af00000)]
  0x000001fd33208e20 JavaThread "C1 CompilerThread0" daemon [_thread_blocked, id=26812, stack(0x0000005d6af00000,0x0000005d6b000000)]
  0x000001fd33209730 JavaThread "Sweeper thread" daemon [_thread_blocked, id=34476, stack(0x0000005d6b000000,0x0000005d6b100000)]
  0x000001fd33461f60 JavaThread "Notification Thread" daemon [_thread_blocked, id=25180, stack(0x0000005d6b100000,0x0000005d6b200000)]
  0x000001fd33462890 JavaThread "Common-Cleaner" daemon [_thread_blocked, id=29912, stack(0x0000005d6b300000,0x0000005d6b400000)]
  0x000001fd33ac9c00 JavaThread "pool-1-thread-1" [_thread_in_vm, id=43652, stack(0x0000005d6b900000,0x0000005d6ba00000)]

Other Threads:
  0x000001fd1940eca0 VMThread "VM Thread" [stack: 0x0000005d6a700000,0x0000005d6a800000] [id=29324]
  0x000001fd33462440 WatcherThread [stack: 0x0000005d6b200000,0x0000005d6b300000] [id=10044]
  0x000001fd193839b0 GCTaskThread "GC Thread#0" [stack: 0x0000005d6a200000,0x0000005d6a300000] [id=17848]
  0x000001fd3374c100 GCTaskThread "GC Thread#1" [stack: 0x0000005d6b600000,0x0000005d6b700000] [id=43316]
  0x000001fd3371e8a0 GCTaskThread "GC Thread#2" [stack: 0x0000005d6b700000,0x0000005d6b800000] [id=34948]
  0x000001fd336f20e0 GCTaskThread "GC Thread#3" [stack: 0x0000005d6b800000,0x0000005d6b900000] [id=5872]
  0x000001fd7990a210 GCTaskThread "GC Thread#4" [stack: 0x0000005d6ba00000,0x0000005d6bb00000] [id=34496]
  0x000001fd338c06e0 GCTaskThread "GC Thread#5" [stack: 0x0000005d6bb00000,0x0000005d6bc00000] [id=36252]
  0x000001fd79d70c60 GCTaskThread "GC Thread#6" [stack: 0x0000005d6bc00000,0x0000005d6bd00000] [id=41812]
  0x000001fd79d137e0 GCTaskThread "GC Thread#7" [stack: 0x0000005d6bd00000,0x0000005d6be00000] [id=16808]
  0x000001fd19387020 ConcurrentGCThread "G1 Main Marker" [stack: 0x0000005d6a300000,0x0000005d6a400000] [id=43480]
  0x000001fd19389860 ConcurrentGCThread "G1 Conc#0" [stack: 0x0000005d6a400000,0x0000005d6a500000] [id=43804]
  0x000001fd193f29b0 ConcurrentGCThread "G1 Refine#0" [stack: 0x0000005d6a500000,0x0000005d6a600000] [id=4688]
  0x000001fd193f4b90 ConcurrentGCThread "G1 Service" [stack: 0x0000005d6a600000,0x0000005d6a700000] [id=38004]

Threads with active compile tasks:
C2 CompilerThread0  218000 2172 % !   4       java.io.BufferedReader::readLine @ 139 (327 bytes)

VM state: not at safepoint (normal execution)

VM Mutex/Monitor currently owned by a thread: None

Heap address: 0x00000000fc000000, size: 64 MB, Compressed Oops mode: 32-bit

CDS archive(s) mapped at: [0x000001fd34000000-0x000001fd34bb0000-0x000001fd34bb0000), size 12255232, SharedBaseAddress: 0x000001fd34000000, ArchiveRelocationMode: 1.
Compressed class space mapped at: 0x000001fd35000000-0x000001fd75000000, reserved size: 1073741824
Narrow klass base: 0x000001fd34000000, Narrow klass shift: 0, Narrow klass range: 0x100000000

GC Precious Log:
 CPUs: 12 total, 12 available
 Memory: 15679M
 Large Page Support: Disabled
 NUMA Support: Disabled
 Compressed Oops: Enabled (32-bit)
 Heap Region Size: 1M
 Heap Min Capacity: 64M
 Heap Initial Capacity: 64M
 Heap Max Capacity: 64M
 Pre-touch: Disabled
 Parallel Workers: 10
 Concurrent Workers: 3
 Concurrent Refinement Workers: 10
 Periodic GC: Disabled

Heap:
 garbage-first heap   total 65536K, used 26268K [0x00000000fc000000, 0x0000000100000000)
  region size 1024K, 20 young (20480K), 5 survivors (5120K)
 Metaspace       used 10711K, committed 10944K, reserved 1114112K
  class space    used 1384K, committed 1472K, reserved 1048576K

Heap Regions: E=young(eden), S=young(survivor), O=old, HS=humongous(starts), HC=humongous(continues), CS=collection set, F=free, OA=open archive, CA=closed archive, TAMS=top-at-mark-start (previous, next)
|   0|0x00000000fc000000, 0x00000000fc100000, 0x00000000fc100000|100%|HS|  |TAMS 0x00000000fc000000, 0x00000000fc000000| Complete 
|   1|0x00000000fc100000, 0x00000000fc200000, 0x00000000fc200000|100%|HC|  |TAMS 0x00000000fc100000, 0x00000000fc100000| Complete 
|   2|0x00000000fc200000, 0x00000000fc300000, 0x00000000fc300000|100%|HC|  |TAMS 0x00000000fc200000, 0x00000000fc200000| Complete 
|   3|0x00000000fc300000, 0x00000000fc400000, 0x00000000fc400000|100%| O|  |TAMS 0x00000000fc300000, 0x00000000fc300000| Untracked 
|   4|0x00000000fc400000, 0x00000000fc500000, 0x00000000fc500000|100%| O|  |TAMS 0x00000000fc400000, 0x00000000fc400000| Untracked 
|   5|0x00000000fc500000, 0x00000000fc600000, 0x00000000fc600000|100%| O|  |TAMS 0x00000000fc500000, 0x00000000fc500000| Untracked 
|   6|0x00000000fc600000, 0x00000000fc6a7200, 0x00000000fc700000| 65%| O|  |TAMS 0x00000000fc600000, 0x00000000fc600000| Untracked 
|   7|0x00000000fc700000, 0x00000000fc700000, 0x00000000fc800000|  0%| F|  |TAMS 0x00000000fc700000, 0x00000000fc700000| Untracked 
|   8|0x00000000fc800000, 0x00000000fc800000, 0x00000000fc900000|  0%| F|  |TAMS 0x00000000fc800000, 0x00000000fc800000| Untracked 
|   9|0x00000000fc900000, 0x00000000fc900000, 0x00000000fca00000|  0%| F|  |TAMS 0x00000000fc900000, 0x00000000fc900000| Untracked 
|  10|0x00000000fca00000, 0x00000000fca00000, 0x00000000fcb00000|  0%| F|  |TAMS 0x00000000fca00000, 0x00000000fca00000| Untracked 
|  11|0x00000000fcb00000, 0x00000000fcb00000, 0x00000000fcc00000|  0%| F|  |TAMS 0x00000000fcb00000, 0x00000000fcb00000| Untracked 
|  12|0x00000000fcc00000, 0x00000000fcc00000, 0x00000000fcd00000|  0%| F|  |TAMS 0x00000000fcc00000, 0x00000000fcc00000| Untracked 
|  13|0x00000000fcd00000, 0x00000000fcd00000, 0x00000000fce00000|  0%| F|  |TAMS 0x00000000fcd00000, 0x00000000fcd00000| Untracked 
|  14|0x00000000fce00000, 0x00000000fce00000, 0x00000000fcf00000|  0%| F|  |TAMS 0x00000000fce00000, 0x00000000fce00000| Untracked 
|  15|0x00000000fcf00000, 0x00000000fcf00000, 0x00000000fd000000|  0%| F|  |TAMS 0x00000000fcf00000, 0x00000000fcf00000| Untracked 
|  16|0x00000000fd000000, 0x00000000fd000000, 0x00000000fd100000|  0%| F|  |TAMS 0x00000000fd000000, 0x00000000fd000000| Untracked 
|  17|0x00000000fd100000, 0x00000000fd100000, 0x00000000fd200000|  0%| F|  |TAMS 0x00000000fd100000, 0x00000000fd100000| Untracked 
|  18|0x00000000fd200000, 0x00000000fd200000, 0x00000000fd300000|  0%| F|  |TAMS 0x00000000fd200000, 0x00000000fd200000| Untracked 
|  19|0x00000000fd300000, 0x00000000fd300000, 0x00000000fd400000|  0%| F|  |TAMS 0x00000000fd300000, 0x00000000fd300000| Untracked 
|  20|0x00000000fd400000, 0x00000000fd400000, 0x00000000fd500000|  0%| F|  |TAMS 0x00000000fd400000, 0x00000000fd400000| Untracked 
|  21|0x00000000fd500000, 0x00000000fd500000, 0x00000000fd600000|  0%| F|  |TAMS 0x00000000fd500000, 0x00000000fd500000| Untracked 
|  22|0x00000000fd600000, 0x00000000fd600000, 0x00000000fd700000|  0%| F|  |TAMS 0x00000000fd600000, 0x00000000fd600000| Untracked 
|  23|0x00000000fd700000, 0x00000000fd700000, 0x00000000fd800000|  0%| F|  |TAMS 0x00000000fd700000, 0x00000000fd700000| Untracked 
|  24|0x00000000fd800000, 0x00000000fd800000, 0x00000000fd900000|  0%| F|  |TAMS 0x00000000fd800000, 0x00000000fd800000| Untracked 
|  25|0x00000000fd900000, 0x00000000fd900000, 0x00000000fda00000|  0%| F|  |TAMS 0x00000000fd900000, 0x00000000fd900000| Untracked 
|  26|0x00000000fda00000, 0x00000000fdb00000, 0x00000000fdb00000|100%| S|CS|TAMS 0x00000000fda00000, 0x00000000fda00000| Complete 
|  27|0x00000000fdb00000, 0x00000000fdc00000, 0x00000000fdc00000|100%| S|CS|TAMS 0x00000000fdb00000, 0x00000000fdb00000| Complete 
|  28|0x00000000fdc00000, 0x00000000fdd00000, 0x00000000fdd00000|100%| S|CS|TAMS 0x00000000fdc00000, 0x00000000fdc00000| Complete 
|  29|0x00000000fdd00000, 0x00000000fde00000, 0x00000000fde00000|100%| S|CS|TAMS 0x00000000fdd00000, 0x00000000fdd00000| Complete 
|  30|0x00000000fde00000, 0x00000000fdf00000, 0x00000000fdf00000|100%| S|CS|TAMS 0x00000000fde00000, 0x00000000fde00000| Complete 
|  31|0x00000000fdf00000, 0x00000000fdf00000, 0x00000000fe000000|  0%| F|  |TAMS 0x00000000fdf00000, 0x00000000fdf00000| Untracked 
|  32|0x00000000fe000000, 0x00000000fe000000, 0x00000000fe100000|  0%| F|  |TAMS 0x00000000fe000000, 0x00000000fe000000| Untracked 
|  33|0x00000000fe100000, 0x00000000fe100000, 0x00000000fe200000|  0%| F|  |TAMS 0x00000000fe100000, 0x00000000fe100000| Untracked 
|  34|0x00000000fe200000, 0x00000000fe200000, 0x00000000fe300000|  0%| F|  |TAMS 0x00000000fe200000, 0x00000000fe200000| Untracked 
|  35|0x00000000fe300000, 0x00000000fe300000, 0x00000000fe400000|  0%| F|  |TAMS 0x00000000fe300000, 0x00000000fe300000| Untracked 
|  36|0x00000000fe400000, 0x00000000fe400000, 0x00000000fe500000|  0%| F|  |TAMS 0x00000000fe400000, 0x00000000fe400000| Untracked 
|  37|0x00000000fe500000, 0x00000000fe500000, 0x00000000fe600000|  0%| F|  |TAMS 0x00000000fe500000, 0x00000000fe500000| Untracked 
|  38|0x00000000fe600000, 0x00000000fe600000, 0x00000000fe700000|  0%| F|  |TAMS 0x00000000fe600000, 0x00000000fe600000| Untracked 
|  39|0x00000000fe700000, 0x00000000fe700000, 0x00000000fe800000|  0%| F|  |TAMS 0x00000000fe700000, 0x00000000fe700000| Untracked 
|  40|0x00000000fe800000, 0x00000000fe800000, 0x00000000fe900000|  0%| F|  |TAMS 0x00000000fe800000, 0x00000000fe800000| Untracked 
|  41|0x00000000fe900000, 0x00000000fe900000, 0x00000000fea00000|  0%| F|  |TAMS 0x00000000fe900000, 0x00000000fe900000| Untracked 
|  42|0x00000000fea00000, 0x00000000fea00000, 0x00000000feb00000|  0%| F|  |TAMS 0x00000000fea00000, 0x00000000fea00000| Untracked 
|  43|0x00000000feb00000, 0x00000000feb00000, 0x00000000fec00000|  0%| F|  |TAMS 0x00000000feb00000, 0x00000000feb00000| Untracked 
|  44|0x00000000fec00000, 0x00000000fec00000, 0x00000000fed00000|  0%| F|  |TAMS 0x00000000fec00000, 0x00000000fec00000| Untracked 
|  45|0x00000000fed00000, 0x00000000fed00000, 0x00000000fee00000|  0%| F|  |TAMS 0x00000000fed00000, 0x00000000fed00000| Untracked 
|  46|0x00000000fee00000, 0x00000000fee00000, 0x00000000fef00000|  0%| F|  |TAMS 0x00000000fee00000, 0x00000000fee00000| Untracked 
|  47|0x00000000fef00000, 0x00000000fef00000, 0x00000000ff000000|  0%| F|  |TAMS 0x00000000fef00000, 0x00000000fef00000| Untracked 
|  48|0x00000000ff000000, 0x00000000ff000000, 0x00000000ff100000|  0%| F|  |TAMS 0x00000000ff000000, 0x00000000ff000000| Untracked 
|  49|0x00000000ff100000, 0x00000000ff180000, 0x00000000ff200000| 50%| E|  |TAMS 0x00000000ff100000, 0x00000000ff100000| Complete 
|  50|0x00000000ff200000, 0x00000000ff300000, 0x00000000ff300000|100%| E|CS|TAMS 0x00000000ff200000, 0x00000000ff200000| Complete 
|  51|0x00000000ff300000, 0x00000000ff400000, 0x00000000ff400000|100%| E|CS|TAMS 0x00000000ff300000, 0x00000000ff300000| Complete 
|  52|0x00000000ff400000, 0x00000000ff500000, 0x00000000ff500000|100%| E|CS|TAMS 0x00000000ff400000, 0x00000000ff400000| Complete 
|  53|0x00000000ff500000, 0x00000000ff600000, 0x00000000ff600000|100%| E|CS|TAMS 0x00000000ff500000, 0x00000000ff500000| Complete 
|  54|0x00000000ff600000, 0x00000000ff700000, 0x00000000ff700000|100%| E|CS|TAMS 0x00000000ff600000, 0x00000000ff600000| Complete 
|  55|0x00000000ff700000, 0x00000000ff800000, 0x00000000ff800000|100%| E|CS|TAMS 0x00000000ff700000, 0x00000000ff700000| Complete 
|  56|0x00000000ff800000, 0x00000000ff900000, 0x00000000ff900000|100%| E|CS|TAMS 0x00000000ff800000, 0x00000000ff800000| Complete 
|  57|0x00000000ff900000, 0x00000000ffa00000, 0x00000000ffa00000|100%| E|CS|TAMS 0x00000000ff900000, 0x00000000ff900000| Complete 
|  58|0x00000000ffa00000, 0x00000000ffb00000, 0x00000000ffb00000|100%| E|CS|TAMS 0x00000000ffa00000, 0x00000000ffa00000| Complete 
|  59|0x00000000ffb00000, 0x00000000ffc00000, 0x00000000ffc00000|100%| E|CS|TAMS 0x00000000ffb00000, 0x00000000ffb00000| Complete 
|  60|0x00000000ffc00000, 0x00000000ffd00000, 0x00000000ffd00000|100%| E|CS|TAMS 0x00000000ffc00000, 0x00000000ffc00000| Complete 
|  61|0x00000000ffd00000, 0x00000000ffe00000, 0x00000000ffe00000|100%| E|CS|TAMS 0x00000000ffd00000, 0x00000000ffd00000| Complete 
|  62|0x00000000ffe00000, 0x00000000fff00000, 0x00000000fff00000|100%| E|CS|TAMS 0x00000000ffe00000, 0x00000000ffe00000| Complete 
|  63|0x00000000fff00000, 0x0000000100000000, 0x0000000100000000|100%| E|CS|TAMS 0x00000000fff00000, 0x00000000fff00000| Complete 

Card table byte_map: [0x000001fd172b0000,0x000001fd172d0000] _byte_map_base: 0x000001fd16ad0000

Marking Bits (Prev, Next): (CMBitMap*) 0x000001fd19385ef0, (CMBitMap*) 0x000001fd19385f30
 Prev Bits: [0x000001fd30410000, 0x000001fd30510000)
 Next Bits: [0x000001fd30510000, 0x000001fd30610000)

Polling page: 0x000001fd17250000

Metaspace:

Usage:
  Non-class:      9.11 MB used.
      Class:      1.35 MB used.
       Both:     10.46 MB used.

Virtual space:
  Non-class space:       64.00 MB reserved,       9.25 MB ( 14%) committed,  1 nodes.
      Class space:        1.00 GB reserved,       1.44 MB ( <1%) committed,  1 nodes.
             Both:        1.06 GB reserved,      10.69 MB ( <1%) committed. 

Chunk freelists:
   Non-Class:  6.50 MB
       Class:  14.44 MB
        Both:  20.94 MB

MaxMetaspaceSize: unlimited
CompressedClassSpaceSize: 1.00 GB
Initial GC threshold: 21.00 MB
Current GC threshold: 21.00 MB
CDS: on
MetaspaceReclaimPolicy: balanced
 - commit_granule_bytes: 65536.
 - commit_granule_words: 8192.
 - virtual_space_node_default_size: 8388608.
 - enlarge_chunks_in_place: 1.
 - new_chunks_are_fully_committed: 0.
 - uncommit_free_chunks: 1.
 - use_allocation_guard: 0.
 - handle_deallocations: 1.


Internal statistics:

num_allocs_failed_limit: 0.
num_arena_births: 146.
num_arena_deaths: 0.
num_vsnodes_births: 2.
num_vsnodes_deaths: 0.
num_space_committed: 171.
num_space_uncommitted: 0.
num_chunks_returned_to_freelist: 0.
num_chunks_taken_from_freelist: 453.
num_chunk_merges: 0.
num_chunk_splits: 278.
num_chunks_enlarged: 193.
num_inconsistent_stats: 0.

CodeHeap 'non-profiled nmethods': size=120000Kb used=990Kb max_used=990Kb free=119009Kb
 bounds [0x000001fd28990000, 0x000001fd28c00000, 0x000001fd2fec0000]
CodeHeap 'profiled nmethods': size=120000Kb used=4088Kb max_used=4088Kb free=115911Kb
 bounds [0x000001fd20ec0000, 0x000001fd212c0000, 0x000001fd283f0000]
CodeHeap 'non-nmethods': size=5760Kb used=1188Kb max_used=1219Kb free=4571Kb
 bounds [0x000001fd283f0000, 0x000001fd28660000, 0x000001fd28990000]
 total_blobs=2679 nmethods=2192 adapters=400
 compilation: enabled
              stopped_count=0, restarted_count=0
 full_count=0

Compilation events (20 events):
Event: 217.889 Thread 0x000001fd33208e20 2183       3       java.util.ArrayDeque::remove (5 bytes)
Event: 217.889 Thread 0x000001fd33208e20 nmethod 2183 0x000001fd212b9110 code [0x000001fd212b92e0, 0x000001fd212b9578]
Event: 217.890 Thread 0x000001fd33208e20 2184       3       java.lang.invoke.InvokerBytecodeGenerator::getInternalName (103 bytes)
Event: 217.890 Thread 0x000001fd33208e20 nmethod 2184 0x000001fd212b9690 code [0x000001fd212b98a0, 0x000001fd212b9dd8]
Event: 217.891 Thread 0x000001fd33208e20 2186       3       jdk.internal.misc.CDS::isDumpingArchive (4 bytes)
Event: 217.891 Thread 0x000001fd33208e20 nmethod 2186 0x000001fd212b9f10 code [0x000001fd212ba0a0, 0x000001fd212ba198]
Event: 217.891 Thread 0x000001fd33208e20 2185       1       java.lang.invoke.DirectMethodHandle::isCrackable (5 bytes)
Event: 217.891 Thread 0x000001fd33208e20 nmethod 2185 0x000001fd28a87410 code [0x000001fd28a875a0, 0x000001fd28a87678]
Event: 217.891 Thread 0x000001fd33208e20 2189       3       jdk.internal.org.objectweb.asm.MethodWriter::<init> (232 bytes)
Event: 217.892 Thread 0x000001fd33208e20 nmethod 2189 0x000001fd212ba210 code [0x000001fd212ba4a0, 0x000001fd212bb1f8]
Event: 217.892 Thread 0x000001fd33208e20 2188       3       jdk.internal.org.objectweb.asm.ClassWriter::visitMethod (57 bytes)
Event: 217.896 Thread 0x000001fd33208e20 nmethod 2188 0x000001fd212bb710 code [0x000001fd212bb8c0, 0x000001fd212bbc28]
Event: 217.896 Thread 0x000001fd33208e20 2190       3       jdk.internal.org.objectweb.asm.MethodVisitor::<init> (7 bytes)
Event: 217.896 Thread 0x000001fd33208e20 nmethod 2190 0x000001fd212bbd90 code [0x000001fd212bbf40, 0x000001fd212bc088]
Event: 217.896 Thread 0x000001fd33208e20 2191       3       jdk.internal.org.objectweb.asm.MethodWriter::visitMaxs (60 bytes)
Event: 217.896 Thread 0x000001fd33208e20 nmethod 2191 0x000001fd212bc110 code [0x000001fd212bc2e0, 0x000001fd212bc598]
Event: 217.896 Thread 0x000001fd33208e20 2192       3       jdk.internal.org.objectweb.asm.MethodWriter::visitEnd (1 bytes)
Event: 217.897 Thread 0x000001fd33208e20 nmethod 2192 0x000001fd212bc690 code [0x000001fd212bc820, 0x000001fd212bc938]
Event: 217.897 Thread 0x000001fd33208e20 2193       3       jdk.internal.org.objectweb.asm.MethodWriter::computeMethodInfoSize (571 bytes)
Event: 217.898 Thread 0x000001fd33208e20 nmethod 2193 0x000001fd212bca10 code [0x000001fd212bcd40, 0x000001fd212bdc08]

GC Heap History (4 events):
Event: 1.188 GC heap before
{Heap before GC invocations=0 (full 0):
 garbage-first heap   total 65536K, used 22528K [0x00000000fc000000, 0x0000000100000000)
  region size 1024K, 23 young (23552K), 0 survivors (0K)
 Metaspace       used 1779K, committed 1920K, reserved 1114112K
  class space    used 161K, committed 192K, reserved 1048576K
}
Event: 1.202 GC heap after
{Heap after GC invocations=1 (full 0):
 garbage-first heap   total 65536K, used 2208K [0x00000000fc000000, 0x0000000100000000)
  region size 1024K, 3 young (3072K), 3 survivors (3072K)
 Metaspace       used 1779K, committed 1920K, reserved 1114112K
  class space    used 161K, committed 192K, reserved 1048576K
}
Event: 3.849 GC heap before
{Heap before GC invocations=1 (full 0):
 garbage-first heap   total 65536K, used 36000K [0x00000000fc000000, 0x0000000100000000)
  region size 1024K, 33 young (33792K), 3 survivors (3072K)
 Metaspace       used 7904K, committed 8128K, reserved 1114112K
  class space    used 1081K, committed 1216K, reserved 1048576K
}
Event: 3.864 GC heap after
{Heap after GC invocations=2 (full 0):
 garbage-first heap   total 65536K, used 11932K [0x00000000fc000000, 0x0000000100000000)
  region size 1024K, 5 young (5120K), 5 survivors (5120K)
 Metaspace       used 7904K, committed 8128K, reserved 1114112K
  class space    used 1081K, committed 1216K, reserved 1048576K
}

Dll operation events (12 events):
Event: 0.036 Loaded shared library C:\Program Files\Eclipse Adoptium\jdk-17.0.18.8-hotspot\bin\java.dll
Event: 0.128 Loaded shared library C:\Program Files\Eclipse Adoptium\jdk-17.0.18.8-hotspot\bin\jsvml.dll
Event: 0.235 Loaded shared library C:\Program Files\Eclipse Adoptium\jdk-17.0.18.8-hotspot\bin\net.dll
Event: 0.237 Loaded shared library C:\Program Files\Eclipse Adoptium\jdk-17.0.18.8-hotspot\bin\nio.dll
Event: 0.241 Loaded shared library C:\Program Files\Eclipse Adoptium\jdk-17.0.18.8-hotspot\bin\zip.dll
Event: 0.253 Loaded shared library C:\Program Files\Eclipse Adoptium\jdk-17.0.18.8-hotspot\bin\verify.dll
Event: 1.092 Loaded shared library C:\Program Files\Eclipse Adoptium\jdk-17.0.18.8-hotspot\bin\jimage.dll
Event: 1.945 Loaded shared library C:\Program Files\Eclipse Adoptium\jdk-17.0.18.8-hotspot\bin\management.dll
Event: 1.949 Loaded shared library C:\Program Files\Eclipse Adoptium\jdk-17.0.18.8-hotspot\bin\management_ext.dll
Event: 2.143 Loaded shared library C:\gradle\native\1def1411415f61bf3af743bc5b6707747c0891f09f0c88961ee8f79bc544acac\windows-amd64\native-platform.dll
Event: 3.155 Loaded shared library C:\Program Files\Eclipse Adoptium\jdk-17.0.18.8-hotspot\bin\extnet.dll
Event: 9.814 Loaded shared library C:\Program Files\Eclipse Adoptium\jdk-17.0.18.8-hotspot\bin\sunmscapi.dll

Deoptimization events (20 events):
Event: 90.026 Thread 0x000001fd19360810 Uncommon trap: trap_request=0xffffff45 fr.pc=0x000001fd289aa6d0 relative=0x0000000000000330
Event: 90.026 Thread 0x000001fd19360810 Uncommon trap: reason=unstable_if action=reinterpret pc=0x000001fd289aa6d0 method=java.lang.StringUTF16.compress([CI[BII)I @ 20 c2
Event: 90.026 Thread 0x000001fd19360810 DEOPT PACKING pc=0x000001fd289aa6d0 sp=0x0000005d6a1fced0
Event: 90.026 Thread 0x000001fd19360810 DEOPT UNPACKING pc=0x000001fd284469a3 sp=0x0000005d6a1fce50 mode 2
Event: 90.113 Thread 0x000001fd33ac9c00 Uncommon trap: trap_request=0xffffff45 fr.pc=0x000001fd289adffc relative=0x000000000000025c
Event: 90.113 Thread 0x000001fd33ac9c00 Uncommon trap: reason=unstable_if action=reinterpret pc=0x000001fd289adffc method=java.lang.String.getChars(II[CI)V @ 23 c2
Event: 90.113 Thread 0x000001fd33ac9c00 DEOPT PACKING pc=0x000001fd289adffc sp=0x0000005d6b9fe840
Event: 90.113 Thread 0x000001fd33ac9c00 DEOPT UNPACKING pc=0x000001fd284469a3 sp=0x0000005d6b9fe800 mode 2
Event: 138.303 Thread 0x000001fd19360810 DEOPT PACKING pc=0x000001fd21225d72 sp=0x0000005d6a1fcea0
Event: 138.303 Thread 0x000001fd19360810 DEOPT UNPACKING pc=0x000001fd28447143 sp=0x0000005d6a1fc310 mode 0
Event: 141.551 Thread 0x000001fd19360810 DEOPT PACKING pc=0x000001fd21225d72 sp=0x0000005d6a1fcea0
Event: 141.551 Thread 0x000001fd19360810 DEOPT UNPACKING pc=0x000001fd28447143 sp=0x0000005d6a1fc310 mode 0
Event: 143.059 Thread 0x000001fd19360810 DEOPT PACKING pc=0x000001fd21225d72 sp=0x0000005d6a1fcea0
Event: 143.059 Thread 0x000001fd19360810 DEOPT UNPACKING pc=0x000001fd28447143 sp=0x0000005d6a1fc310 mode 0
Event: 143.877 Thread 0x000001fd19360810 DEOPT PACKING pc=0x000001fd21225d72 sp=0x0000005d6a1fcea0
Event: 143.877 Thread 0x000001fd19360810 DEOPT UNPACKING pc=0x000001fd28447143 sp=0x0000005d6a1fc310 mode 0
Event: 217.741 Thread 0x000001fd19360810 Uncommon trap: trap_request=0xffffff45 fr.pc=0x000001fd28a693e8 relative=0x00000000000004e8
Event: 217.741 Thread 0x000001fd19360810 Uncommon trap: reason=unstable_if action=reinterpret pc=0x000001fd28a693e8 method=com.esotericsoftware.kryo.io.Input.require(I)I @ 180 c2
Event: 217.741 Thread 0x000001fd19360810 DEOPT PACKING pc=0x000001fd28a693e8 sp=0x0000005d6a1fd3d0
Event: 217.741 Thread 0x000001fd19360810 DEOPT UNPACKING pc=0x000001fd284469a3 sp=0x0000005d6a1fd238 mode 2

Classes loaded (20 events):
Event: 217.824 Loading class sun/nio/fs/WindowsSecurityDescriptor
Event: 217.824 Loading class sun/nio/fs/WindowsSecurityDescriptor done
Event: 217.825 Loading class sun/nio/fs/WindowsChannelFactory
Event: 217.825 Loading class sun/nio/fs/WindowsChannelFactory done
Event: 217.825 Loading class sun/nio/fs/WindowsChannelFactory$1
Event: 217.825 Loading class sun/nio/fs/WindowsChannelFactory$1 done
Event: 217.825 Loading class sun/nio/fs/WindowsChannelFactory$Flags
Event: 217.825 Loading class sun/nio/fs/WindowsChannelFactory$Flags done
Event: 217.825 Loading class sun/nio/fs/WindowsChannelFactory$2
Event: 217.825 Loading class sun/nio/fs/WindowsChannelFactory$2 done
Event: 217.877 Loading class sun/nio/ch/FileChannelImpl$Closer
Event: 217.877 Loading class sun/nio/ch/FileChannelImpl$Closer done
Event: 217.879 Loading class java/util/stream/Streams$1
Event: 217.879 Loading class java/util/stream/Streams$1 done
Event: 217.884 Loading class java/nio/file/FileChannelLinesSpliterator$1
Event: 217.884 Loading class java/nio/file/FileChannelLinesSpliterator$1 done
Event: 217.884 Loading class java/nio/channels/Channels
Event: 217.885 Loading class java/nio/channels/Channels done
Event: 217.889 Loading class java/lang/invoke/MethodHandle$1
Event: 217.890 Loading class java/lang/invoke/MethodHandle$1 done

Classes unloaded (0 events):
No events

Classes redefined (0 events):
No events

Internal exceptions (20 events):
Event: 2.159 Thread 0x000001fd19360810 Exception <a 'java/lang/NoSuchMethodError'{0x00000000ff0306e8}: 'java.lang.Object java.lang.invoke.DirectMethodHandle$Holder.invokeStatic(java.lang.Object, java.lang.Object, int)'> (0x00000000ff0306e8) 
thrown [s\src\hotspot\share\interpreter\linkResolver.cpp, line 759]
Event: 2.161 Thread 0x000001fd19360810 Exception <a 'java/lang/NoSuchMethodError'{0x00000000ff03c3d8}: 'void java.lang.invoke.DelegatingMethodHandle$Holder.delegate(java.lang.Object, java.lang.Object, int, java.lang.Object)'> (0x00000000ff03c3d8) 
thrown [s\src\hotspot\share\interpreter\linkResolver.cpp, line 759]
Event: 2.166 Thread 0x000001fd19360810 Exception <a 'java/lang/NoSuchMethodError'{0x00000000ff04fa20}: 'java.lang.Object java.lang.invoke.Invokers$Holder.invokeExact_MT(java.lang.Object, java.lang.Object, java.lang.Object, java.lang.Object)'> (0x00000000ff04fa20) 
thrown [s\src\hotspot\share\interpreter\linkResolver.cpp, line 759]
Event: 2.176 Thread 0x000001fd19360810 Exception <a 'java/lang/NoSuchMethodError'{0x00000000ff07ae30}: 'java.lang.Object java.lang.invoke.DirectMethodHandle$Holder.invokeVirtual(java.lang.Object, java.lang.Object, java.lang.Object)'> (0x00000000ff07ae30) 
thrown [s\src\hotspot\share\interpreter\linkResolver.cpp, line 759]
Event: 2.354 Thread 0x000001fd19360810 Exception <a 'java/lang/NoSuchMethodError'{0x00000000feda7080}: 'java.lang.Object java.lang.invoke.DirectMethodHandle$Holder.newInvokeSpecial(java.lang.Object, java.lang.Object, java.lang.Object, java.lang.Object, java.lang.Object)'> (0x00000000feda7080) 
thrown [s\src\hotspot\share\interpreter\linkResolver.cpp, line 759]
Event: 2.406 Thread 0x000001fd19360810 Exception <a 'java/lang/NoSuchMethodError'{0x00000000fecd9738}: 'void java.lang.invoke.DirectMethodHandle$Holder.invokeSpecial(java.lang.Object, java.lang.Object, java.lang.Object)'> (0x00000000fecd9738) 
thrown [s\src\hotspot\share\interpreter\linkResolver.cpp, line 759]
Event: 3.159 Thread 0x000001fd19360810 Exception <a 'java/lang/NoSuchMethodError'{0x00000000fe93fd78}: 'void java.lang.invoke.DirectMethodHandle$Holder.invokeStatic(java.lang.Object, java.lang.Object, java.lang.Object)'> (0x00000000fe93fd78) 
thrown [s\src\hotspot\share\interpreter\linkResolver.cpp, line 759]
Event: 3.295 Thread 0x000001fd19360810 Exception <a 'java/lang/NoSuchMethodError'{0x00000000fe4e5b90}: 'java.lang.Object java.lang.invoke.DirectMethodHandle$Holder.newInvokeSpecial(java.lang.Object, java.lang.Object, java.lang.Object, java.lang.Object, java.lang.Object, java.lang.Object, java.lang.Object, java.lang.Object, java.lang.Object, java.lang.Object, java.lang.Object, java.lang.Object, java.lang.Object, java.lang.Object, java.lang.Object, java.lang.Object, java.lang.Object, java.lang.Object, java.lang.Object, java.lang.Object, java.lang
Event: 3.298 Thread 0x000001fd19360810 Exception <a 'java/lang/NoSuchMethodError'{0x00000000fe4f2198}: 'java.lang.Object java.lang.invoke.Invokers$Holder.linkToTargetMethod(java.lang.Object, java.lang.Object, java.lang.Object, java.lang.Object, java.lang.Object, java.lang.Object, java.lang.Object, java.lang.Object, java.lang.Object, java.lang.Object, java.lang.Object, java.lang.Object, java.lang.Object, java.lang.Object, java.lang.Object, java.lang.Object, java.lang.Object, java.lang.Object, java.lang.Object, java.lang.Object, java.lang.Object,
Event: 3.389 Thread 0x000001fd19360810 Exception <a 'java/lang/NoSuchMethodError'{0x00000000fe15a598}: 'java.lang.Object java.lang.invoke.DirectMethodHandle$Holder.invokeStaticInit(java.lang.Object, int, int, int, int)'> (0x00000000fe15a598) 
thrown [s\src\hotspot\share\interpreter\linkResolver.cpp, line 759]
Event: 3.563 Thread 0x000001fd19360810 Exception <a 'java/lang/NoSuchMethodError'{0x00000000fe1a9450}: 'java.lang.Object java.lang.invoke.DirectMethodHandle$Holder.invokeStaticInit(java.lang.Object, java.lang.Object, int, int, int, int)'> (0x00000000fe1a9450) 
thrown [s\src\hotspot\share\interpreter\linkResolver.cpp, line 759]
Event: 3.633 Thread 0x000001fd19360810 Implicit null exception at 0x000001fd289d85d5 to 0x000001fd289d8b8c
Event: 3.662 Thread 0x000001fd19360810 Exception <a 'java/net/ConnectException'{0x00000000fe09ec30}: Connection refused: getsockopt> (0x00000000fe09ec30) 
thrown [s\src\hotspot\share\prims\jni.cpp, line 535]
Event: 4.285 Thread 0x000001fd793fdfc0 Exception <a 'java/lang/NoSuchMethodError'{0x00000000ff994588}: 'void java.lang.invoke.DirectMethodHandle$Holder.invokeStatic(java.lang.Object, long)'> (0x00000000ff994588) 
thrown [s\src\hotspot\share\interpreter\linkResolver.cpp, line 759]
Event: 4.286 Thread 0x000001fd793fdfc0 Exception <a 'java/lang/NoSuchMethodError'{0x00000000ff999ee0}: 'java.lang.Object java.lang.invoke.DirectMethodHandle$Holder.newInvokeSpecial(java.lang.Object, long)'> (0x00000000ff999ee0) 
thrown [s\src\hotspot\share\interpreter\linkResolver.cpp, line 759]
Event: 4.291 Thread 0x000001fd793fdfc0 Exception <a 'java/lang/NoSuchMethodError'{0x00000000ff9a4af8}: 'java.lang.Object java.lang.invoke.DirectMethodHandle$Holder.invokeStaticInit(java.lang.Object, java.lang.Object, long, java.lang.Object)'> (0x00000000ff9a4af8) 
thrown [s\src\hotspot\share\interpreter\linkResolver.cpp, line 759]
Event: 4.292 Thread 0x000001fd793fdfc0 Exception <a 'java/lang/NoSuchMethodError'{0x00000000ff9ab180}: 'java.lang.Object java.lang.invoke.DirectMethodHandle$Holder.newInvokeSpecial(java.lang.Object, java.lang.Object, long)'> (0x00000000ff9ab180) 
thrown [s\src\hotspot\share\interpreter\linkResolver.cpp, line 759]
Event: 4.292 Thread 0x000001fd793fdfc0 Exception <a 'java/lang/NoSuchMethodError'{0x00000000ff9af4a0}: 'java.lang.Object java.lang.invoke.Invokers$Holder.linkToTargetMethod(java.lang.Object, long, java.lang.Object)'> (0x00000000ff9af4a0) 
thrown [s\src\hotspot\share\interpreter\linkResolver.cpp, line 759]
Event: 217.741 Thread 0x000001fd19360810 Exception <a 'sun/net/ConnectionResetException'{0x00000000ff3deb20}: Connection reset> (0x00000000ff3deb20) 
thrown [s\src\hotspot\share\prims\jni.cpp, line 535]
Event: 217.891 Thread 0x000001fd19360810 Exception <a 'java/lang/NoSuchMethodError'{0x00000000ff13c648}: 'int java.lang.invoke.DirectMethodHandle$Holder.invokeVirtual(java.lang.Object, java.lang.Object)'> (0x00000000ff13c648) 
thrown [s\src\hotspot\share\interpreter\linkResolver.cpp, line 759]

VM Operations (20 events):
Event: 166.333 Executing VM operation: Cleanup
Event: 166.333 Executing VM operation: Cleanup done
Event: 174.340 Executing VM operation: Cleanup
Event: 174.340 Executing VM operation: Cleanup done
Event: 175.351 Executing VM operation: Cleanup
Event: 175.351 Executing VM operation: Cleanup done
Event: 178.352 Executing VM operation: Cleanup
Event: 178.352 Executing VM operation: Cleanup done
Event: 180.353 Executing VM operation: Cleanup
Event: 180.353 Executing VM operation: Cleanup done
Event: 180.577 Executing VM operation: HandshakeAllThreads
Event: 180.577 Executing VM operation: HandshakeAllThreads done
Event: 184.578 Executing VM operation: Cleanup
Event: 184.578 Executing VM operation: Cleanup done
Event: 204.596 Executing VM operation: Cleanup
Event: 204.596 Executing VM operation: Cleanup done
Event: 209.620 Executing VM operation: Cleanup
Event: 209.620 Executing VM operation: Cleanup done
Event: 217.629 Executing VM operation: Cleanup
Event: 217.629 Executing VM operation: Cleanup done

Memory protections (0 events):
No events

Nmethod flushes (0 events):
No events

Events (20 events):
Event: 0.218 Thread 0x000001fd19360810 Thread added: 0x000001fd33462890
Event: 1.095 Thread 0x000001fd33208e20 Thread added: 0x000001fd336eb6a0
Event: 1.095 Thread 0x000001fd33208e20 Thread added: 0x000001fd336ebbc0
Event: 1.787 Thread 0x000001fd336ebbc0 Thread exited: 0x000001fd336ebbc0
Event: 1.889 Thread 0x000001fd336eb6a0 Thread exited: 0x000001fd336eb6a0
Event: 2.091 Thread 0x000001fd33208510 Thread added: 0x000001fd79505a10
Event: 2.091 Thread 0x000001fd33208510 Thread added: 0x000001fd793b7150
Event: 2.208 Thread 0x000001fd19360810 Thread added: 0x000001fd33ac9c00
Event: 2.447 Thread 0x000001fd793b7150 Thread exited: 0x000001fd793b7150
Event: 2.618 Thread 0x000001fd79505a10 Thread exited: 0x000001fd79505a10
Event: 3.836 Thread 0x000001fd33208e20 Thread added: 0x000001fd33fc40b0
Event: 4.255 Thread 0x000001fd19360810 Thread added: 0x000001fd793fdfc0
Event: 4.299 Thread 0x000001fd793fdfc0 Thread added: 0x000001fd79b4b960
Event: 4.308 Thread 0x000001fd793fdfc0 Thread added: 0x000001fd79b4c650
Event: 4.316 Thread 0x000001fd79b4b960 Thread exited: 0x000001fd79b4b960
Event: 5.208 Thread 0x000001fd33fc40b0 Thread exited: 0x000001fd33fc40b0
Event: 9.717 Thread 0x000001fd79b4c650 Thread exited: 0x000001fd79b4c650
Event: 9.717 Thread 0x000001fd793fdfc0 Thread exited: 0x000001fd793fdfc0
Event: 217.530 Thread 0x000001fd33208e20 Thread added: 0x000001fd333dfa60
Event: 217.882 Thread 0x000001fd333dfa60 Thread exited: 0x000001fd333dfa60


Dynamic libraries:
0x00007ff680840000 - 0x00007ff68084e000 	C:\Program Files\Eclipse Adoptium\jdk-17.0.18.8-hotspot\bin\java.exe
0x00007ff88d2c0000 - 0x00007ff88d526000 	C:\WINDOWS\SYSTEM32\ntdll.dll
0x00007ff88aff0000 - 0x00007ff88b0b9000 	C:\WINDOWS\System32\KERNEL32.DLL
0x00007ff88abe0000 - 0x00007ff88afe0000 	C:\WINDOWS\System32\KERNELBASE.dll
0x00007ff88a690000 - 0x00007ff88a7dc000 	C:\WINDOWS\System32\ucrtbase.dll
0x00007ff85b6a0000 - 0x00007ff85b6b8000 	C:\Program Files\Eclipse Adoptium\jdk-17.0.18.8-hotspot\bin\jli.dll
0x00007ff88cb80000 - 0x00007ff88cd47000 	C:\WINDOWS\System32\USER32.dll
0x00007ff88a660000 - 0x00007ff88a687000 	C:\WINDOWS\System32\win32u.dll
0x00007ff88ba80000 - 0x00007ff88baab000 	C:\WINDOWS\System32\GDI32.dll
0x00007ff85b660000 - 0x00007ff85b67e000 	C:\Program Files\Eclipse Adoptium\jdk-17.0.18.8-hotspot\bin\VCRUNTIME140.dll
0x00007ff88a9f0000 - 0x00007ff88ab19000 	C:\WINDOWS\System32\gdi32full.dll
0x00007ff88a7f0000 - 0x00007ff88a893000 	C:\WINDOWS\System32\msvcp_win.dll
0x00007ff86a400000 - 0x00007ff86a692000 	C:\WINDOWS\WinSxS\amd64_microsoft.windows.common-controls_6595b64144ccf1df_6.0.26100.8737_none_3e092eaee333b772\COMCTL32.dll
0x00007ff88c7e0000 - 0x00007ff88c889000 	C:\WINDOWS\System32\msvcrt.dll
0x00007ff88ba40000 - 0x00007ff88ba72000 	C:\WINDOWS\System32\IMM32.DLL
0x00007ff8636d0000 - 0x00007ff8636dc000 	C:\Program Files\Eclipse Adoptium\jdk-17.0.18.8-hotspot\bin\vcruntime140_1.dll
0x00007ff822630000 - 0x00007ff8226bd000 	C:\Program Files\Eclipse Adoptium\jdk-17.0.18.8-hotspot\bin\msvcp140.dll
0x00007fffdb250000 - 0x00007fffdbebb000 	C:\Program Files\Eclipse Adoptium\jdk-17.0.18.8-hotspot\bin\server\jvm.dll
0x00007ff88b0c0000 - 0x00007ff88b177000 	C:\WINDOWS\System32\ADVAPI32.dll
0x00007ff88bb00000 - 0x00007ff88bbaa000 	C:\WINDOWS\System32\sechost.dll
0x00007ff88b530000 - 0x00007ff88b648000 	C:\WINDOWS\System32\RPCRT4.dll
0x00007ff88cd60000 - 0x00007ff88cde0000 	C:\WINDOWS\System32\WS2_32.dll
0x00007ff88a360000 - 0x00007ff88a3be000 	C:\WINDOWS\SYSTEM32\POWRPROF.dll
0x00007ff881260000 - 0x00007ff88126b000 	C:\WINDOWS\SYSTEM32\VERSION.dll
0x00007ff880940000 - 0x00007ff880976000 	C:\WINDOWS\SYSTEM32\WINMM.dll
0x00007ff88a340000 - 0x00007ff88a354000 	C:\WINDOWS\SYSTEM32\UMPDC.dll
0x00007ff889190000 - 0x00007ff8891ab000 	C:\WINDOWS\SYSTEM32\kernel.appcore.dll
0x00007ff863580000 - 0x00007ff86358a000 	C:\Program Files\Eclipse Adoptium\jdk-17.0.18.8-hotspot\bin\jimage.dll
0x00007ff8877f0000 - 0x00007ff887a32000 	C:\WINDOWS\SYSTEM32\DBGHELP.DLL
0x00007ff88b180000 - 0x00007ff88b503000 	C:\WINDOWS\System32\combase.dll
0x00007ff88c600000 - 0x00007ff88c6d9000 	C:\WINDOWS\System32\OLEAUT32.dll
0x00007ff870a30000 - 0x00007ff870a6b000 	C:\WINDOWS\SYSTEM32\dbgcore.DLL
0x00007ff88a930000 - 0x00007ff88a9dc000 	C:\WINDOWS\System32\bcryptPrimitives.dll
0x00007ff85b220000 - 0x00007ff85b245000 	C:\Program Files\Eclipse Adoptium\jdk-17.0.18.8-hotspot\bin\java.dll
0x00007ff822070000 - 0x00007ff822147000 	C:\Program Files\Eclipse Adoptium\jdk-17.0.18.8-hotspot\bin\jsvml.dll
0x00007ff88bd90000 - 0x00007ff88c522000 	C:\WINDOWS\System32\SHELL32.dll
0x00007ff887f40000 - 0x00007ff8887d2000 	C:\WINDOWS\SYSTEM32\windows.storage.dll
0x00007ff88b8d0000 - 0x00007ff88b9c7000 	C:\WINDOWS\System32\SHCORE.dll
0x00007ff88b9d0000 - 0x00007ff88ba37000 	C:\WINDOWS\System32\shlwapi.dll
0x00007ff88a400000 - 0x00007ff88a429000 	C:\WINDOWS\SYSTEM32\profapi.dll
0x00007ff85b640000 - 0x00007ff85b65a000 	C:\Program Files\Eclipse Adoptium\jdk-17.0.18.8-hotspot\bin\net.dll
0x00007ff8826f0000 - 0x00007ff882819000 	C:\WINDOWS\SYSTEM32\WINHTTP.dll
0x00007ff889770000 - 0x00007ff8897dc000 	C:\WINDOWS\system32\mswsock.dll
0x00007ff85aac0000 - 0x00007ff85aad6000 	C:\Program Files\Eclipse Adoptium\jdk-17.0.18.8-hotspot\bin\nio.dll
0x00007ff85aaa0000 - 0x00007ff85aab8000 	C:\Program Files\Eclipse Adoptium\jdk-17.0.18.8-hotspot\bin\zip.dll
0x00007ff862560000 - 0x00007ff862570000 	C:\Program Files\Eclipse Adoptium\jdk-17.0.18.8-hotspot\bin\verify.dll
0x00007ff85ec20000 - 0x00007ff85ec2a000 	C:\Program Files\Eclipse Adoptium\jdk-17.0.18.8-hotspot\bin\management.dll
0x00007ff85e1f0000 - 0x00007ff85e1fc000 	C:\Program Files\Eclipse Adoptium\jdk-17.0.18.8-hotspot\bin\management_ext.dll
0x00007ff88cd50000 - 0x00007ff88cd58000 	C:\WINDOWS\System32\PSAPI.DLL
0x00007ff859d40000 - 0x00007ff859d67000 	C:\gradle\native\1def1411415f61bf3af743bc5b6707747c0891f09f0c88961ee8f79bc544acac\windows-amd64\native-platform.dll
0x00007ff888b30000 - 0x00007ff888b63000 	C:\WINDOWS\SYSTEM32\IPHLPAPI.DLL
0x00007ff88c530000 - 0x00007ff88c53a000 	C:\WINDOWS\System32\NSI.dll
0x00007ff882d50000 - 0x00007ff882d6d000 	C:\WINDOWS\SYSTEM32\dhcpcsvc6.DLL
0x00007ff882d20000 - 0x00007ff882d45000 	C:\WINDOWS\SYSTEM32\dhcpcsvc.DLL
0x00007ff888bc0000 - 0x00007ff888d15000 	C:\WINDOWS\SYSTEM32\DNSAPI.dll
0x00007ff889550000 - 0x00007ff88955d000 	C:\WINDOWS\SYSTEM32\DSPARSE.dll
0x00007ff85b830000 - 0x00007ff85b839000 	C:\Program Files\Eclipse Adoptium\jdk-17.0.18.8-hotspot\bin\extnet.dll
0x00007ff889a90000 - 0x00007ff889aab000 	C:\WINDOWS\SYSTEM32\CRYPTSP.dll
0x00007ff8890f0000 - 0x00007ff889129000 	C:\WINDOWS\system32\rsaenh.dll
0x00007ff889830000 - 0x00007ff889862000 	C:\WINDOWS\SYSTEM32\USERENV.dll
0x00007ff88a3d0000 - 0x00007ff88a3fa000 	C:\WINDOWS\SYSTEM32\bcrypt.dll
0x00007ff889a70000 - 0x00007ff889a7c000 	C:\WINDOWS\SYSTEM32\CRYPTBASE.dll
0x00007ff85b210000 - 0x00007ff85b21e000 	C:\Program Files\Eclipse Adoptium\jdk-17.0.18.8-hotspot\bin\sunmscapi.dll
0x00007ff88a4e0000 - 0x00007ff88a658000 	C:\WINDOWS\System32\CRYPT32.dll
0x00007ff889cb0000 - 0x00007ff889ce0000 	C:\WINDOWS\SYSTEM32\ncrypt.dll
0x00007ff889c60000 - 0x00007ff889c9f000 	C:\WINDOWS\SYSTEM32\NTASN1.dll
0x00007ff823120000 - 0x00007ff823128000 	C:\WINDOWS\system32\wshunix.dll

dbghelp: loaded successfully - version: 4.0.5 - missing functions: none
symbol engine: initialized successfully - sym options: 0x614 - pdb path: .;C:\Program Files\Eclipse Adoptium\jdk-17.0.18.8-hotspot\bin;C:\WINDOWS\SYSTEM32;C:\WINDOWS\WinSxS\amd64_microsoft.windows.common-controls_6595b64144ccf1df_6.0.26100.8737_none_3e092eaee333b772;C:\Program Files\Eclipse Adoptium\jdk-17.0.18.8-hotspot\bin\server;C:\gradle\native\1def1411415f61bf3af743bc5b6707747c0891f09f0c88961ee8f79bc544acac\windows-amd64

VM Arguments:
jvm_args: -Xmx64m -Xms64m -Dorg.gradle.appname=gradlew 
java_command: C:\Users\fuzzy\app_agronex\frontend\android\\gradle\wrapper\gradle-wrapper.jar app:assembleDebug -x lint -x test --configure-on-demand --build-cache -PreactNativeDevServerPort=8081 -PreactNativeArchitectures=x86_64,arm64-v8a
java_class_path (initial): C:\Users\fuzzy\app_agronex\frontend\android\\gradle\wrapper\gradle-wrapper.jar
Launcher Type: SUN_STANDARD

[Global flags]
     intx CICompilerCount                          = 4                                         {product} {ergonomic}
     uint ConcGCThreads                            = 3                                         {product} {ergonomic}
     uint G1ConcRefinementThreads                  = 10                                        {product} {ergonomic}
   size_t G1HeapRegionSize                         = 1048576                                   {product} {ergonomic}
    uintx GCDrainStackTargetSize                   = 64                                        {product} {ergonomic}
   size_t InitialHeapSize                          = 67108864                                  {product} {command line}
   size_t MarkStackSize                            = 4194304                                   {product} {ergonomic}
   size_t MaxHeapSize                              = 67108864                                  {product} {command line}
   size_t MaxNewSize                               = 39845888                                  {product} {ergonomic}
   size_t MinHeapDeltaBytes                        = 1048576                                   {product} {ergonomic}
   size_t MinHeapSize                              = 67108864                                  {product} {command line}
    uintx NonNMethodCodeHeapSize                   = 5839372                                {pd product} {ergonomic}
    uintx NonProfiledCodeHeapSize                  = 122909434                              {pd product} {ergonomic}
    uintx ProfiledCodeHeapSize                     = 122909434                              {pd product} {ergonomic}
    uintx ReservedCodeCacheSize                    = 251658240                              {pd product} {ergonomic}
     bool SegmentedCodeCache                       = true                                      {product} {ergonomic}
   size_t SoftMaxHeapSize                          = 67108864                               {manageable} {ergonomic}
     bool UseCompressedClassPointers               = true                           {product lp64_product} {ergonomic}
     bool UseCompressedOops                        = true                           {product lp64_product} {ergonomic}
     bool UseG1GC                                  = true                                      {product} {ergonomic}
     bool UseLargePagesIndividualAllocation        = false                                  {pd product} {ergonomic}

Logging:
Log output configuration:
 #0: stdout all=warning uptime,level,tags
 #1: stderr all=off uptime,level,tags

Environment Variables:
JAVA_HOME=C:\Program Files\Eclipse Adoptium\jdk-17.0.18.8-hotspot\
PATH=C:\Users\fuzzy\app_agronex\frontend\node_modules\.bin;C:\Users\fuzzy\app_agronex\frontend\node_modules\.bin;C:\Users\fuzzy\app_agronex\node_modules\.bin;C:\Users\fuzzy\node_modules\.bin;C:\Users\node_modules\.bin;C:\node_modules\.bin;C:\Program Files\nodejs\node_modules\npm\node_modules\@npmcli\run-script\lib\node-gyp-bin;c:\Users\fuzzy\AppData\Local\Programs\cursor\resources\app\node_modules\@vscode\ripgrep\bin;C:\Program Files\Eclipse Adoptium\jdk-17.0.18.8-hotspot\bin;C:\Program Files\Common Files\Oracle\Java\javapath;C:\WINDOWS\system32;C:\WINDOWS;C:\WINDOWS\System32\Wbem;C:\WINDOWS\System32\WindowsPowerShell\v1.0\;C:\WINDOWS\System32\OpenSSH\;C:\Program Files\dotnet\;C:\Program Files\HP\HP One Agent;E:\matlab\bin;C:\Program Files (x86)\Microchip\MPLAB C32 Suite\bin;C:\WINDOWS\system32;C:\WINDOWS;C:\WINDOWS\System32\Wbem;C:\WINDOWS\System32\WindowsPowerShell\v1.0\;C:\WINDOWS\System32\OpenSSH\;C:\MinGW\bin;C:\Program Files\Git\cmd;C:\Program Files\nodejs\;C:\Program Files\Eclipse Adoptium\jdk-17.0.18.8-hotspot\bin;C:\Program Files\GitHub CLI\;C:\Users\fuzzy\AppData\Local\Microsoft\WindowsApps;C:\Users\fuzzy\AppData\Local\Programs\Microsoft VS Code\bin;C:\Users\fuzzy\AppData\Local\Programs\Antigravity\bin;C:\Users\fuzzy\AppData\Roaming\npm;C:\Users\fuzzy\AppData\Local\Programs\cursor\resources\app\bin
USERNAME=fuzzy
TERM=dumb
OS=Windows_NT
PROCESSOR_IDENTIFIER=AMD64 Family 25 Model 80 Stepping 0, AuthenticAMD
TMP=C:\Users\fuzzy\AppData\Local\Temp
TEMP=C:\Users\fuzzy\AppData\Local\Temp



Periodic native trim disabled


---------------  S Y S T E M  ---------------

OS:
 Windows 11 , 64 bit Build 26100 (10.0.26100.8737)
OS uptime: 2 days 19:10 hours
Hyper-V role detected

CPU: total 12 (initial active 12) (12 cores per cpu, 2 threads per core) family 25 model 80 stepping 0 microcode 0xa50000d, cx8, cmov, fxsr, ht, mmx, 3dnowpref, sse, sse2, sse3, ssse3, sse4a, sse4.1, sse4.2, popcnt, lzcnt, tsc, tscinvbit, avx, avx2, aes, erms, clmul, bmi1, bmi2, adx, sha, fma, vzeroupper, clflush, clflushopt, hv
Processor Information for all 12 processors :
  Max Mhz: 2301, Current Mhz: 2301, Mhz Limit: 2301

Memory: 4k page, system-wide physical 15679M (785M free)
TotalPageFile size 24972M (AvailPageFile size 0M)
current process WorkingSet (physical memory assigned to process): 115M, peak: 121M
current process commit charge ("private bytes"): 178M, peak: 184M

vm_info: OpenJDK 64-Bit Server VM (17.0.18+8) for windows-amd64 JRE (17.0.18+8), built on Jan 20 2026 22:28:22 by "admin" with MS VC++ 17.12 (VS2022)

END.
